<?xml version="1.0" encoding="UTF-8"?>
<!-- Generated by org.testng.reporters.JUnitReportReporter -->
<testsuite skipped="0" hostname="del1-lhp-N61396" name="WebUiAutomation.HomePage" tests="2" failures="0" timestamp="11 Mar 2021 07:43:47 GMT" time="11.645" errors="0">
  <testcase name="basePageNavigation" time="3.802" classname="WebUiAutomation.HomePage"/>
  <testcase name="basePageNavigation" time="7.843" classname="WebUiAutomation.HomePage"/>
</testsuite> <!-- WebUiAutomation.HomePage -->
