<?xml version="1.0" encoding="UTF-8"?>
<!-- Generated by org.testng.reporters.JUnitReportReporter -->
<testsuite skipped="0" hostname="del1-lhp-N61396" name="WebUiAutomation.HomePage" tests="2" failures="0" timestamp="19 Jan 2021 17:07:04 GMT" time="6.743" errors="0">
  <testcase name="basePageNavigation" time="2.437" classname="WebUiAutomation.HomePage"/>
  <testcase name="basePageNavigation" time="4.306" classname="WebUiAutomation.HomePage"/>
</testsuite> <!-- WebUiAutomation.HomePage -->
